Arguments: 
  /home/vishnulinux/.nvm/versions/node/v16.14.2/bin/node /home/vishnulinux/.yarn/bin/yarn.js add ethers@5.5.1

PATH: 
  /home/vishnulinux/.yarn/bin:/home/vishnulinux/.config/yarn/global/node_modules/.bin:/home/vishnulinux/.vscode-server/bin/6c3e3dba23e8fadc360aed75ce363ba185c49794/bin/remote-cli:/home/vishnulinux/.yarn/bin:/home/vishnulinux/.config/yarn/global/node_modules/.bin:/home/vishnulinux/.nvm/versions/node/v16.14.2/bin:/usr/local/sbin:/usr/local/bin:/usr/sbin:/usr/bin:/sbin:/bin:/usr/games:/usr/local/games:/usr/lib/wsl/lib:/mnt/c/Python311/Scripts/:/mnt/c/Python311/:/mnt/c/Program Files/Common Files/Oracle/Java/javapath:/mnt/c/WINDOWS/system32:/mnt/c/WINDOWS:/mnt/c/WINDOWS/System32/Wbem:/mnt/c/WINDOWS/System32/WindowsPowerShell/v1.0/:/mnt/c/WINDOWS/System32/OpenSSH/:/mnt/c/MinGW/bin:/mnt/c/Program Files/nodejs/:/mnt/c/ProgramData/chocolatey/bin:/mnt/c/Program Files/Git/cmd:/mnt/c/Users/Vishnu/AppData/Local/Microsoft/WindowsApps:/mnt/c/Users/Vishnu/AppData/Local/Programs/Microsoft VS Code/bin:/mnt/c/MinGW/bin:/mnt/c/Program Files/Java/jdk-18.0.1.1/bin:/mnt/c/Users/Vishnu/AppData/Roaming/npm:/snap/bin

Yarn version: 
  1.22.19

Node version: 
  16.14.2

Platform: 
  linux x64

Trace: 
  Error: getaddrinfo EAI_AGAIN registry.yarnpkg.com
      at GetAddrInfoReqWrap.onlookup [as oncomplete] (node:dns:71:26)

npm manifest: 
  {
    "name": "hardhat-smartcontract-lottery-fcc",
    "version": "1.0.0",
    "description": "",
    "scripts": {
      "test": "yarn hardhat test",
      "test-staging": "yarn hardhat test --network sepolia",
      "lint": "yarn solhint 'contracts/*.sol'",
      "lint:fix": "yarn solhint 'contracts/**/*.sol' --fix",
      "format": "yarn prettier --write .",
      "coverage": "yarn hardhat coverage"
    },
    "license": "MIT",
    "devDependencies": {
      "@nomiclabs/hardhat-ethers": "npm:hardhat-deploy-ethers@^0.3.0-beta.13",
      "@nomiclabs/hardhat-etherscan": "^3.0.0",
      "@nomiclabs/hardhat-waffle": "^2.0.1",
      "chai": "^4.3.4",
      "ethereum-waffle": "^3.4.0",
      "ethers": "^5.5.1",
      "hardhat": "^2.6.7",
      "hardhat-contract-sizer": "^2.4.0",
      "hardhat-deploy": "^0.9.29",
      "hardhat-gas-reporter": "^1.0.7",
      "prettier": "^2.4.1",
      "prettier-plugin-solidity": "^1.0.0-beta.19",
      "solhint": "^3.3.6",
      "solidity-coverage": "^0.7.13"
    },
    "dependencies": {
      "@chainlink/contracts": "^0.5.1",
      "@chainlink/test-helpers": "^0.0.7-alpha",
      "@chainlink/token": "^1.1.0",
      "@openzeppelin/contracts": "^4.5.0",
      "babel-eslint": "^10.1.0",
      "dotenv": "^10.0.0"
    },
    "mocha": {
      "timeout": 10000000
    }
  }

yarn manifest: 
  No manifest

Lockfile: 
  # THIS IS AN AUTOGENERATED FILE. DO NOT EDIT THIS FILE DIRECTLY.
  # yarn lockfile v1
